<?xml version="1.0" encoding="utf-8"?>
<testsuite errors="0" failures="0" name="pytest" skips="0" tests="4" time="0.030">
    <testcase classname="test_submit.CloudCostTests" file="test_submit.py" line="10" name="test_app_execution" time="0.0008189678192138672"></testcase>
    <testcase classname="test_submit.CloudCostTests" file="test_submit.py" line="6" name="test_lambda_execution" time="0.0006086826324462891"></testcase>
    <testcase classname="test_submit.CloudCostTests" file="test_submit.py" line="19" name="test_month" time="0.0007712841033935547"></testcase>
    <testcase classname="test_submit.CloudCostTests" file="test_submit.py" line="29" name="test_year" time="0.0017077922821044922"></testcase>
</testsuite>
